
10:26:22.784 [main] INFO  - Practo Home page....
10:26:22.941 [main] INFO  - Validates the practo page
10:26:25.924 [main] INFO  - Clicks on find doctors....
10:26:31.381 [main] INFO  - selects the location....
10:26:36.435 [main] INFO  - selects the specialist....
10:26:38.728 [main] INFO  - Applied filter for patient stories dropdown.....
10:33:01.273 [main] INFO  - Applied filter for experience field.....
10:33:04.520 [main] INFO  - Applied filter for fee field.....
10:33:09.013 [main] INFO  - Applied filter for availability field.....
10:33:17.116 [main] INFO  - Stored first five doctor details.....
10:33:27.815 [main] INFO  - User is in Surgeries page......
10:33:32.251 [main] INFO  - user extracted and stored the list of surgeries names......
10:33:46.292 [main] INFO  - User clicked on corporates and selected Health and Wellness......
10:33:46.292 [main] INFO  - User is at Health and Wellness page.........
10:33:53.008 [main] INFO  - User entered all the valid details except email...........
10:33:53.237 [main] INFO  - Schedule a demo button is disabled.....
10:34:07.226 [main] INFO  - User clicked on corporates and selected Health and Wellness......
10:34:07.227 [main] INFO  - User is at Health and Wellness page.........
10:34:13.933 [main] INFO  - User entered all the valid details...........
10:34:14.173 [main] INFO  - Schedule a demo button is enabled.....
10:34:45.497 [main] INFO  - Thank You Message is Displayed.....
11:40:38.029 [main] INFO  - Practo Home page....
11:40:38.441 [main] INFO  - Validates the practo page
11:41:19.077 [main] INFO  - Clicks on find doctors....
11:41:25.173 [main] INFO  - selects the location....
11:42:08.807 [main] INFO  - selects the specialist....
11:42:11.282 [main] INFO  - Applied filter for patient stories dropdown.....
11:42:58.294 [main] INFO  - Applied filter for experience field.....
11:43:01.865 [main] INFO  - Applied filter for fee field.....
11:43:45.031 [main] INFO  - Applied filter for availability field.....
11:44:49.751 [main] INFO  - Applied filter for availability field.....
11:44:53.039 [main] INFO  - Stored first five doctor details.....
11:46:08.852 [main] INFO  - User is in Surgeries page......
11:46:15.556 [main] INFO  - user extracted and stored the list of surgeries names......
11:47:59.281 [main] INFO  - User clicked on corporates and selected Health and Wellness......
11:47:59.281 [main] INFO  - User is at Health and Wellness page.........
11:48:05.961 [main] INFO  - User entered all the valid details except email...........
11:48:06.202 [main] INFO  - Schedule a demo button is disabled.....
11:49:44.122 [main] INFO  - User clicked on corporates and selected Health and Wellness......
11:49:44.123 [main] INFO  - User is at Health and Wellness page.........
11:49:50.858 [main] INFO  - User entered all the valid details...........
11:49:51.093 [main] INFO  - Schedule a demo button is enabled.....
11:50:06.980 [main] INFO  - Thank You Message is Displayed.....
11:21:50.786 [main] INFO  - Practo Home page....
11:21:51.162 [main] INFO  - Validates the practo page
11:21:54.352 [main] INFO  - Clicks on find doctors....
11:22:00.245 [main] INFO  - selects the location....
11:22:06.232 [main] INFO  - selects the specialist....
11:22:21.303 [main] INFO  - Applied filter for patient stories dropdown.....
11:22:37.125 [main] INFO  - User is in Surgeries page......
11:22:46.489 [main] INFO  - user extracted and stored the list of surgeries names......
11:23:02.350 [main] INFO  - User clicked on corporates and selected Health and Wellness......
11:23:02.350 [main] INFO  - User is at Health and Wellness page.........
11:23:09.761 [main] INFO  - User entered all the valid details except email...........
11:23:10.112 [main] INFO  - Schedule a demo button is disabled.....
11:23:22.866 [main] INFO  - User clicked on corporates and selected Health and Wellness......
11:23:22.866 [main] INFO  - User is at Health and Wellness page.........
11:23:30.108 [main] INFO  - User entered all the valid details...........
11:23:30.560 [main] INFO  - Schedule a demo button is enabled.....
11:23:34.534 [main] INFO  - Thank You Message is Displayed.....
11:24:08.577 [main] INFO  - Practo Home page....
11:24:08.921 [main] INFO  - Validates the practo page
11:24:11.929 [main] INFO  - Clicks on find doctors....
11:24:17.684 [main] INFO  - selects the location....
11:24:28.946 [main] INFO  - selects the specialist....
11:24:31.339 [main] INFO  - Applied filter for patient stories dropdown.....
11:24:48.229 [main] INFO  - Applied filter for experience field.....
11:24:51.722 [main] INFO  - Applied filter for fee field.....
